#
# A fatal error has been detected by the Java Runtime Environment:
#
#  SIGSEGV (0xb) at pc=0x0000000000000000, pid=1352, tid=7171
#
# JRE version: OpenJDK Runtime Environment (17.0.1+12) (build 17.0.1+12-39)
# Java VM: OpenJDK 64-Bit Server VM (17.0.1+12-39, mixed mode, sharing, tiered, compressed oops, compressed class ptrs, g1 gc, bsd-amd64)
# Problematic frame:
# C  0x0000000000000000
#
# No core dump will be written. Core dumps have been disabled. To enable core dumping, try "ulimit -c unlimited" before starting Java again
#
# If you would like to submit a bug report, please visit:
#   https://bugreport.java.com/bugreport/crash.jsp
#

---------------  S U M M A R Y ------------

Command Line: -javaagent:/Applications/IntelliJ IDEA.app/Contents/lib/idea_rt.jar=49289:/Applications/IntelliJ IDEA.app/Contents/bin -agentpath:/private/var/folders/10/jtdj9jm53hs4qx09r7nqrv7m0000gn/T/libasyncProfiler.so=start,jfr,event=cpu,interval=1ms,event=alloc,file=/Users/umarmahmood/Main_2022_01_05_132237.jfr -Dfile.encoding=UTF-8 com.salmon.spicysalmon.Main

Host: "MacBookAir10,1" x86_64 (EMULATED) 2400 MHz, 8 cores, 8G, Darwin 21.1.0, macOS 12.0.1 (21A559)
Time: Wed Jan  5 14:27:09 2022 CET elapsed time: 2719.715945 seconds (0d 0h 45m 19s)

---------------  T H R E A D  ---------------

Current thread (0x00007ff684808200):  JavaThread "main" [_thread_in_vm, id=7171, stack(0x0000000304d58000,0x0000000304e58000)]

Stack: [0x0000000304d58000,0x0000000304e58000],  sp=0x0000000304e56358,  free space=1016k
Java frames: (J=compiled Java code, j=interpreted, Vv=VM code)
v  ~RuntimeStub::_new_array_Java
J 882 c2 com.salmon.spicysalmon.models.Transaction.toString()Ljava/lang/String; (38 bytes) @ 0x000000011b5b2d7c [0x000000011b5b2000+0x0000000000000d7c]
J 889 c2 com.salmon.spicysalmon.controllers.TransactionController.printAllTransactions()Ljava/lang/String; (87 bytes) @ 0x000000011b5bf99c [0x000000011b5beb40+0x0000000000000e5c]
J 904 c2 com.salmon.spicysalmon.views.EmployeeMenu.printAllTransactions(Lcom/salmon/spicysalmon/controllers/TransactionController;)V (11 bytes) @ 0x000000011b5dd568 [0x000000011b5dd520+0x0000000000000048]
j  com.salmon.spicysalmon.views.EmployeeMenu.showTransactionMenu(Lcom/salmon/spicysalmon/controllers/TransactionController;)V+58
j  com.salmon.spicysalmon.views.EmployeeMenu.show(Ljava/lang/String;)V+174
j  com.salmon.spicysalmon.controllers.AuthenticationController.employeeLogin()V+56
j  com.salmon.spicysalmon.views.MainMenu.show()V+79
j  com.salmon.spicysalmon.Main.main([Ljava/lang/String;)V+43
v  ~StubRoutines::call_stub

siginfo: si_signo: 11 (SIGSEGV), si_code: 1 (SEGV_MAPERR), si_addr: 0x0000000000000000

Register to memory mapping:

RAX=0x000000010a803ac8: _ZN15JfrEventSetting19_jvm_event_settingsE+0 in /Users/umarmahmood/Library/Java/JavaVirtualMachines/openjdk-17.0.1/Contents/Home/lib/server/libjvm.dylib at 0x0000000109b68000
RBX=0x000000010a7c1a60: _ZN23CompressedKlassPointers13_narrow_klassE+0 in /Users/umarmahmood/Library/Java/JavaVirtualMachines/openjdk-17.0.1/Contents/Home/lib/server/libjvm.dylib at 0x0000000109b68000
RCX=0x00007ff684808200 is a thread
RDX=0x0 is NULL
RSP=0x0000000304e56358 is pointing into the stack for thread: 0x00007ff684808200
RBP=0x000000010a3672fc: _ZN12MemAllocator10Allocation17notify_allocationEv+0x17c in /Users/umarmahmood/Library/Java/JavaVirtualMachines/openjdk-17.0.1/Contents/Home/lib/server/libjvm.dylib at 0x0000000109b68000
RSI=0x00000000000000a0 is an unknown value
RDI=0x000000010a7f2b70: _ZL21_last_allocated_bytes+0 in /Users/umarmahmood/Library/Java/JavaVirtualMachines/openjdk-17.0.1/Contents/Home/lib/server/libjvm.dylib at 0x0000000109b68000
R8 =0x0 is NULL
R9 =0x00007ff684808200 is a thread
R10=0x000000010a473810: _ZN11OptoRuntime11new_array_CEP5KlassiP10JavaThread+0 in /Users/umarmahmood/Library/Java/JavaVirtualMachines/openjdk-17.0.1/Contents/Home/lib/server/libjvm.dylib at 0x0000000109b68000
R11=0x000000000000008d is an unknown value
R12=0x0 is NULL
R13=0x000000000000001a is an unknown value
R14=0x0000000304e56390 is pointing into the stack for thread: 0x00007ff684808200
R15=0x00007ff684808200 is a thread


Registers:
RAX=0x000000010a803ac8, RBX=0x000000010a7c1a60, RCX=0x00007ff684808200, RDX=0x0000000000000000
RSP=0x0000000304e56358, RBP=0x000000010a3672fc, RSI=0x00000000000000a0, RDI=0x000000010a7f2b70
R8 =0x0000000000000000, R9 =0x00007ff684808200, R10=0x000000010a473810, R11=0x000000000000008d
R12=0x0000000000000000, R13=0x000000000000001a, R14=0x0000000304e56390, R15=0x00007ff684808200
RIP=0x0000000000000000, EFLAGS=0x0000000000000206, ERR=0x0000000000000004
  TRAPNO=0x000000000000000e

Top of Stack: (sp=0x0000000304e56358)
0x0000000304e56358:   0000000304e563e8 0000000000000000
0x0000000304e56368:   000000000000001a 000000000000008d
0x0000000304e56378:   00007ff684808200 0000000304e563d0
0x0000000304e56388:   000000010a3677bf 0000000304e563e8
0x0000000304e56398:   00007ff684808200 0000000304e563c0
0x0000000304e563a8:   0000000109e70000 0000000000010000
0x0000000304e563b8:   000000010a562000 0000000785600800
0x0000000304e563c8:   00007ff684808200 0000000304e56410
0x0000000304e563d8:   0000000109e713b6 0000000304e56410
0x0000000304e563e8:   000000010a7ad2c0 00007ff684808200
0x0000000304e563f8:   0000000800006328 0000000000000014
0x0000000304e56408:   00007f010000008d 0000000304e57720
0x0000000304e56418:   000000010a47384c 000000000000035b
0x0000000304e56428:   00007ff684808200 0000000304e56480
0x0000000304e56438:   000000010a3677bf 0000000304e56498
0x0000000304e56448:   00007ff684808200 0000000304e56470
0x0000000304e56458:   0000000304e50000 0000000000000100
0x0000000304e56468:   0000000304e56600 0000000785600000
0x0000000304e56478:   00007ff684808200 0000000304e564c0
0x0000000304e56488:   0000000109e713b6 0000000109defd30
0x0000000304e56498:   00007ff684808200 0000000000000000
0x0000000304e564a8:   000000000000008c 0000000785600000
0x0000000304e564b8:   00007ff684808200 0000000304e577d0
0x0000000304e564c8:   000000010a4739b0 0000000000000060
0x0000000304e564d8:   0000000304e57740 04e5774000000007
0x0000000304e564e8:   0000006000000003 04e5774000000000
0x0000000304e564f8:   00007ff600000003 09492f9d610e00b1
0x0000000304e56508:   00007ff684808200 000000010b288088
0x0000000304e56518:   00007ff688060000 0000000000000800
0x0000000304e56528:   0000000304e56608 0000000304e565c0
0x0000000304e56538:   0000000109f53b7c 0000000304e57740
0x0000000304e56548:   000000011b5b248f 000000011b5b1d90 

Instructions: (pc=0x0000000000000000)
0xffffffffffffff00:   


Stack slot to memory mapping:
stack at sp + 0 slots: 0x0000000304e563e8 is pointing into the stack for thread: 0x00007ff684808200
stack at sp + 1 slots: 0x0 is NULL
stack at sp + 2 slots: 0x000000000000001a is an unknown value
stack at sp + 3 slots: 0x000000000000008d is an unknown value
stack at sp + 4 slots: 0x00007ff684808200 is a thread
stack at sp + 5 slots: 0x0000000304e563d0 is pointing into the stack for thread: 0x00007ff684808200
stack at sp + 6 slots: 0x000000010a3677bf: _ZNK12MemAllocator8allocateEv+0xef in /Users/umarmahmood/Library/Java/JavaVirtualMachines/openjdk-17.0.1/Contents/Home/lib/server/libjvm.dylib at 0x0000000109b68000
stack at sp + 7 slots: 0x0000000304e563e8 is pointing into the stack for thread: 0x00007ff684808200


---------------  P R O C E S S  ---------------

Threads class SMR info:
_java_thread_list=0x00006000037ec860, length=14, elements={
0x00007ff684808200, 0x00007ff682814000, 0x00007ff682814600, 0x00007ff68380e000,
0x00007ff68380e600, 0x00007ff68380ec00, 0x00007ff68380f200, 0x00007ff68380c000,
0x00007ff682814c00, 0x00007ff68380c600, 0x00007ff672879c00, 0x00007ff682839800,
0x00007ff68380d200, 0x00007ff6838a3000
}

Java Threads: ( => current thread )
=>0x00007ff684808200 JavaThread "main" [_thread_in_vm, id=7171, stack(0x0000000304d58000,0x0000000304e58000)]
  0x00007ff682814000 JavaThread "Reference Handler" daemon [_thread_blocked, id=22283, stack(0x000000030546d000,0x000000030556d000)]
  0x00007ff682814600 JavaThread "Finalizer" daemon [_thread_blocked, id=42499, stack(0x0000000305570000,0x0000000305670000)]
  0x00007ff68380e000 JavaThread "Signal Dispatcher" daemon [_thread_blocked, id=40707, stack(0x000000030580b000,0x000000030590b000)]
  0x00007ff68380e600 JavaThread "Service Thread" daemon [_thread_blocked, id=25603, stack(0x000000030590e000,0x0000000305a0e000)]
  0x00007ff68380ec00 JavaThread "Monitor Deflation Thread" daemon [_thread_blocked, id=26115, stack(0x0000000305a11000,0x0000000305b11000)]
  0x00007ff68380f200 JavaThread "C2 CompilerThread0" daemon [_thread_blocked, id=26627, stack(0x0000000305b14000,0x0000000305c14000)]
  0x00007ff68380c000 JavaThread "C1 CompilerThread0" daemon [_thread_blocked, id=26883, stack(0x0000000305c17000,0x0000000305d17000)]
  0x00007ff682814c00 JavaThread "Sweeper thread" daemon [_thread_blocked, id=39939, stack(0x0000000305d1a000,0x0000000305e1a000)]
  0x00007ff68380c600 JavaThread "Common-Cleaner" daemon [_thread_blocked, id=39491, stack(0x0000000305e1d000,0x0000000305f1d000)]
  0x00007ff672879c00 JavaThread "Monitor Ctrl-Break" daemon [_thread_in_native, id=28075, stack(0x0000000305f20000,0x0000000306020000)]
  0x00007ff682839800 JavaThread "Async-profiler Timer" daemon [_thread_in_native, id=28759, stack(0x0000000306023000,0x00000003060a3000)]
  0x00007ff68380d200 JavaThread "Notification Thread" daemon [_thread_blocked, id=29963, stack(0x0000000306129000,0x0000000306229000)]
  0x00007ff6838a3000 JavaThread "Attach Listener" daemon [_thread_blocked, id=35855, stack(0x000000030632f000,0x000000030642f000)]

Other Threads:
  0x00007ff67270a990 VMThread "VM Thread" [stack: 0x000000030536a000,0x000000030546a000] [id=43267]
  0x00007ff683246940 WatcherThread [stack: 0x000000030622c000,0x000000030632c000] [id=30479]
  0x00007ff683205f40 GCTaskThread "GC Thread#0" [stack: 0x0000000304e5b000,0x0000000304f5b000] [id=14595]
  0x00007ff662755760 GCTaskThread "GC Thread#1" [stack: 0x00000003056fb000,0x00000003057fb000] [id=31299]
  0x00007ff683256700 GCTaskThread "GC Thread#2" [stack: 0x0000000306432000,0x0000000306532000] [id=31491]
  0x00007ff642829b60 GCTaskThread "GC Thread#3" [stack: 0x0000000306535000,0x0000000306635000] [id=34831]
  0x00007ff6727042b0 ConcurrentGCThread "G1 Main Marker" [stack: 0x0000000304f5e000,0x000000030505e000] [id=14851]
  0x00007ff672704b30 ConcurrentGCThread "G1 Conc#0" [stack: 0x0000000305061000,0x0000000305161000] [id=18947]
  0x00007ff672707390 ConcurrentGCThread "G1 Refine#0" [stack: 0x0000000305164000,0x0000000305264000] [id=18179]
  0x00007ff672707c20 ConcurrentGCThread "G1 Service" [stack: 0x0000000305267000,0x0000000305367000] [id=17667]

Threads with active compile tasks:

VM state: not at safepoint (normal execution)

VM Mutex/Monitor currently owned by a thread: None

Heap address: 0x0000000780000000, size: 2048 MB, Compressed Oops mode: Zero based, Oop shift amount: 3

CDS archive(s) mapped at: [0x0000000800000000-0x0000000800bd4000-0x0000000800bd4000), size 12402688, SharedBaseAddress: 0x0000000800000000, ArchiveRelocationMode: 0.
Compressed class space mapped at: 0x0000000800c00000-0x0000000840c00000, reserved size: 1073741824
Narrow klass base: 0x0000000800000000, Narrow klass shift: 0, Narrow klass range: 0x100000000

GC Precious Log:
 CPUs: 8 total, 8 available
 Memory: 8192M
 Large Page Support: Disabled
 NUMA Support: Disabled
 Compressed Oops: Enabled (Zero based)
 Heap Region Size: 1M
 Heap Min Capacity: 8M
 Heap Initial Capacity: 128M
 Heap Max Capacity: 2G
 Pre-touch: Disabled
 Parallel Workers: 8
 Concurrent Workers: 2
 Concurrent Refinement Workers: 8
 Periodic GC: Disabled

Heap:
 garbage-first heap   total 133120K, used 45142K [0x0000000780000000, 0x0000000800000000)
  region size 1024K, 45 young (46080K), 3 survivors (3072K)
 Metaspace       used 2472K, committed 2624K, reserved 1056768K
  class space    used 226K, committed 320K, reserved 1048576K

Heap Regions: E=young(eden), S=young(survivor), O=old, HS=humongous(starts), HC=humongous(continues), CS=collection set, F=free, OA=open archive, CA=closed archive, TAMS=top-at-mark-start (previous, next)
|   0|0x0000000780000000, 0x0000000780000000, 0x0000000780100000|  0%| F|  |TAMS 0x0000000780000000, 0x0000000780000000| Untracked 
|   1|0x0000000780100000, 0x0000000780100000, 0x0000000780200000|  0%| F|  |TAMS 0x0000000780100000, 0x0000000780100000| Untracked 
|   2|0x0000000780200000, 0x0000000780200000, 0x0000000780300000|  0%| F|  |TAMS 0x0000000780200000, 0x0000000780200000| Untracked 
|   3|0x0000000780300000, 0x0000000780300000, 0x0000000780400000|  0%| F|  |TAMS 0x0000000780300000, 0x0000000780300000| Untracked 
|   4|0x0000000780400000, 0x0000000780400000, 0x0000000780500000|  0%| F|  |TAMS 0x0000000780400000, 0x0000000780400000| Untracked 
|   5|0x0000000780500000, 0x0000000780500000, 0x0000000780600000|  0%| F|  |TAMS 0x0000000780500000, 0x0000000780500000| Untracked 
|   6|0x0000000780600000, 0x0000000780600000, 0x0000000780700000|  0%| F|  |TAMS 0x0000000780600000, 0x0000000780600000| Untracked 
|   7|0x0000000780700000, 0x0000000780700000, 0x0000000780800000|  0%| F|  |TAMS 0x0000000780700000, 0x0000000780700000| Untracked 
|   8|0x0000000780800000, 0x0000000780800000, 0x0000000780900000|  0%| F|  |TAMS 0x0000000780800000, 0x0000000780800000| Untracked 
|   9|0x0000000780900000, 0x0000000780900000, 0x0000000780a00000|  0%| F|  |TAMS 0x0000000780900000, 0x0000000780900000| Untracked 
|  10|0x0000000780a00000, 0x0000000780a00000, 0x0000000780b00000|  0%| F|  |TAMS 0x0000000780a00000, 0x0000000780a00000| Untracked 
|  11|0x0000000780b00000, 0x0000000780b00000, 0x0000000780c00000|  0%| F|  |TAMS 0x0000000780b00000, 0x0000000780b00000| Untracked 
|  12|0x0000000780c00000, 0x0000000780c00000, 0x0000000780d00000|  0%| F|  |TAMS 0x0000000780c00000, 0x0000000780c00000| Untracked 
|  13|0x0000000780d00000, 0x0000000780d00000, 0x0000000780e00000|  0%| F|  |TAMS 0x0000000780d00000, 0x0000000780d00000| Untracked 
|  14|0x0000000780e00000, 0x0000000780e00000, 0x0000000780f00000|  0%| F|  |TAMS 0x0000000780e00000, 0x0000000780e00000| Untracked 
|  15|0x0000000780f00000, 0x0000000780f00000, 0x0000000781000000|  0%| F|  |TAMS 0x0000000780f00000, 0x0000000780f00000| Untracked 
|  16|0x0000000781000000, 0x0000000781000000, 0x0000000781100000|  0%| F|  |TAMS 0x0000000781000000, 0x0000000781000000| Untracked 
|  17|0x0000000781100000, 0x0000000781100000, 0x0000000781200000|  0%| F|  |TAMS 0x0000000781100000, 0x0000000781100000| Untracked 
|  18|0x0000000781200000, 0x0000000781200000, 0x0000000781300000|  0%| F|  |TAMS 0x0000000781200000, 0x0000000781200000| Untracked 
|  19|0x0000000781300000, 0x0000000781300000, 0x0000000781400000|  0%| F|  |TAMS 0x0000000781300000, 0x0000000781300000| Untracked 
|  20|0x0000000781400000, 0x0000000781400000, 0x0000000781500000|  0%| F|  |TAMS 0x0000000781400000, 0x0000000781400000| Untracked 
|  21|0x0000000781500000, 0x0000000781500000, 0x0000000781600000|  0%| F|  |TAMS 0x0000000781500000, 0x0000000781500000| Untracked 
|  22|0x0000000781600000, 0x0000000781600000, 0x0000000781700000|  0%| F|  |TAMS 0x0000000781600000, 0x0000000781600000| Untracked 
|  23|0x0000000781700000, 0x0000000781700000, 0x0000000781800000|  0%| F|  |TAMS 0x0000000781700000, 0x0000000781700000| Untracked 
|  24|0x0000000781800000, 0x0000000781800000, 0x0000000781900000|  0%| F|  |TAMS 0x0000000781800000, 0x0000000781800000| Untracked 
|  25|0x0000000781900000, 0x0000000781900000, 0x0000000781a00000|  0%| F|  |TAMS 0x0000000781900000, 0x0000000781900000| Untracked 
|  26|0x0000000781a00000, 0x0000000781a00000, 0x0000000781b00000|  0%| F|  |TAMS 0x0000000781a00000, 0x0000000781a00000| Untracked 
|  27|0x0000000781b00000, 0x0000000781b00000, 0x0000000781c00000|  0%| F|  |TAMS 0x0000000781b00000, 0x0000000781b00000| Untracked 
|  28|0x0000000781c00000, 0x0000000781c00000, 0x0000000781d00000|  0%| F|  |TAMS 0x0000000781c00000, 0x0000000781c00000| Untracked 
|  29|0x0000000781d00000, 0x0000000781d00000, 0x0000000781e00000|  0%| F|  |TAMS 0x0000000781d00000, 0x0000000781d00000| Untracked 
|  30|0x0000000781e00000, 0x0000000781e00000, 0x0000000781f00000|  0%| F|  |TAMS 0x0000000781e00000, 0x0000000781e00000| Untracked 
|  31|0x0000000781f00000, 0x0000000781f00000, 0x0000000782000000|  0%| F|  |TAMS 0x0000000781f00000, 0x0000000781f00000| Untracked 
|  32|0x0000000782000000, 0x0000000782000000, 0x0000000782100000|  0%| F|  |TAMS 0x0000000782000000, 0x0000000782000000| Untracked 
|  33|0x0000000782100000, 0x0000000782100000, 0x0000000782200000|  0%| F|  |TAMS 0x0000000782100000, 0x0000000782100000| Untracked 
|  34|0x0000000782200000, 0x0000000782200000, 0x0000000782300000|  0%| F|  |TAMS 0x0000000782200000, 0x0000000782200000| Untracked 
|  35|0x0000000782300000, 0x0000000782300000, 0x0000000782400000|  0%| F|  |TAMS 0x0000000782300000, 0x0000000782300000| Untracked 
|  36|0x0000000782400000, 0x0000000782400000, 0x0000000782500000|  0%| F|  |TAMS 0x0000000782400000, 0x0000000782400000| Untracked 
|  37|0x0000000782500000, 0x0000000782500000, 0x0000000782600000|  0%| F|  |TAMS 0x0000000782500000, 0x0000000782500000| Untracked 
|  38|0x0000000782600000, 0x0000000782600000, 0x0000000782700000|  0%| F|  |TAMS 0x0000000782600000, 0x0000000782600000| Untracked 
|  39|0x0000000782700000, 0x0000000782700000, 0x0000000782800000|  0%| F|  |TAMS 0x0000000782700000, 0x0000000782700000| Untracked 
|  40|0x0000000782800000, 0x0000000782800000, 0x0000000782900000|  0%| F|  |TAMS 0x0000000782800000, 0x0000000782800000| Untracked 
|  41|0x0000000782900000, 0x0000000782900000, 0x0000000782a00000|  0%| F|  |TAMS 0x0000000782900000, 0x0000000782900000| Untracked 
|  42|0x0000000782a00000, 0x0000000782a00000, 0x0000000782b00000|  0%| F|  |TAMS 0x0000000782a00000, 0x0000000782a00000| Untracked 
|  43|0x0000000782b00000, 0x0000000782b00000, 0x0000000782c00000|  0%| F|  |TAMS 0x0000000782b00000, 0x0000000782b00000| Untracked 
|  44|0x0000000782c00000, 0x0000000782c00000, 0x0000000782d00000|  0%| F|  |TAMS 0x0000000782c00000, 0x0000000782c00000| Untracked 
|  45|0x0000000782d00000, 0x0000000782d00000, 0x0000000782e00000|  0%| F|  |TAMS 0x0000000782d00000, 0x0000000782d00000| Untracked 
|  46|0x0000000782e00000, 0x0000000782e00000, 0x0000000782f00000|  0%| F|  |TAMS 0x0000000782e00000, 0x0000000782e00000| Untracked 
|  47|0x0000000782f00000, 0x0000000782f00000, 0x0000000783000000|  0%| F|  |TAMS 0x0000000782f00000, 0x0000000782f00000| Untracked 
|  48|0x0000000783000000, 0x0000000783000000, 0x0000000783100000|  0%| F|  |TAMS 0x0000000783000000, 0x0000000783000000| Untracked 
|  49|0x0000000783100000, 0x0000000783100000, 0x0000000783200000|  0%| F|  |TAMS 0x0000000783100000, 0x0000000783100000| Untracked 
|  50|0x0000000783200000, 0x0000000783200000, 0x0000000783300000|  0%| F|  |TAMS 0x0000000783200000, 0x0000000783200000| Untracked 
|  51|0x0000000783300000, 0x0000000783300000, 0x0000000783400000|  0%| F|  |TAMS 0x0000000783300000, 0x0000000783300000| Untracked 
|  52|0x0000000783400000, 0x0000000783400000, 0x0000000783500000|  0%| F|  |TAMS 0x0000000783400000, 0x0000000783400000| Untracked 
|  53|0x0000000783500000, 0x0000000783500000, 0x0000000783600000|  0%| F|  |TAMS 0x0000000783500000, 0x0000000783500000| Untracked 
|  54|0x0000000783600000, 0x0000000783600000, 0x0000000783700000|  0%| F|  |TAMS 0x0000000783600000, 0x0000000783600000| Untracked 
|  55|0x0000000783700000, 0x0000000783700000, 0x0000000783800000|  0%| F|  |TAMS 0x0000000783700000, 0x0000000783700000| Untracked 
|  56|0x0000000783800000, 0x0000000783800000, 0x0000000783900000|  0%| F|  |TAMS 0x0000000783800000, 0x0000000783800000| Untracked 
|  57|0x0000000783900000, 0x0000000783900000, 0x0000000783a00000|  0%| F|  |TAMS 0x0000000783900000, 0x0000000783900000| Untracked 
|  58|0x0000000783a00000, 0x0000000783a00000, 0x0000000783b00000|  0%| F|  |TAMS 0x0000000783a00000, 0x0000000783a00000| Untracked 
|  59|0x0000000783b00000, 0x0000000783b00000, 0x0000000783c00000|  0%| F|  |TAMS 0x0000000783b00000, 0x0000000783b00000| Untracked 
|  60|0x0000000783c00000, 0x0000000783c00000, 0x0000000783d00000|  0%| F|  |TAMS 0x0000000783c00000, 0x0000000783c00000| Untracked 
|  61|0x0000000783d00000, 0x0000000783d00000, 0x0000000783e00000|  0%| F|  |TAMS 0x0000000783d00000, 0x0000000783d00000| Untracked 
|  62|0x0000000783e00000, 0x0000000783e00000, 0x0000000783f00000|  0%| F|  |TAMS 0x0000000783e00000, 0x0000000783e00000| Untracked 
|  63|0x0000000783f00000, 0x0000000783f00000, 0x0000000784000000|  0%| F|  |TAMS 0x0000000783f00000, 0x0000000783f00000| Untracked 
|  64|0x0000000784000000, 0x0000000784000000, 0x0000000784100000|  0%| F|  |TAMS 0x0000000784000000, 0x0000000784000000| Untracked 
|  65|0x0000000784100000, 0x0000000784100000, 0x0000000784200000|  0%| F|  |TAMS 0x0000000784100000, 0x0000000784100000| Untracked 
|  66|0x0000000784200000, 0x0000000784200000, 0x0000000784300000|  0%| F|  |TAMS 0x0000000784200000, 0x0000000784200000| Untracked 
|  67|0x0000000784300000, 0x0000000784300000, 0x0000000784400000|  0%| F|  |TAMS 0x0000000784300000, 0x0000000784300000| Untracked 
|  68|0x0000000784400000, 0x0000000784400000, 0x0000000784500000|  0%| F|  |TAMS 0x0000000784400000, 0x0000000784400000| Untracked 
|  69|0x0000000784500000, 0x0000000784500000, 0x0000000784600000|  0%| F|  |TAMS 0x0000000784500000, 0x0000000784500000| Untracked 
|  70|0x0000000784600000, 0x0000000784600000, 0x0000000784700000|  0%| F|  |TAMS 0x0000000784600000, 0x0000000784600000| Untracked 
|  71|0x0000000784700000, 0x0000000784700000, 0x0000000784800000|  0%| F|  |TAMS 0x0000000784700000, 0x0000000784700000| Untracked 
|  72|0x0000000784800000, 0x0000000784800000, 0x0000000784900000|  0%| F|  |TAMS 0x0000000784800000, 0x0000000784800000| Untracked 
|  73|0x0000000784900000, 0x0000000784900000, 0x0000000784a00000|  0%| F|  |TAMS 0x0000000784900000, 0x0000000784900000| Untracked 
|  74|0x0000000784a00000, 0x0000000784a00000, 0x0000000784b00000|  0%| F|  |TAMS 0x0000000784a00000, 0x0000000784a00000| Untracked 
|  75|0x0000000784b00000, 0x0000000784b00000, 0x0000000784c00000|  0%| F|  |TAMS 0x0000000784b00000, 0x0000000784b00000| Untracked 
|  76|0x0000000784c00000, 0x0000000784c00000, 0x0000000784d00000|  0%| F|  |TAMS 0x0000000784c00000, 0x0000000784c00000| Untracked 
|  77|0x0000000784d00000, 0x0000000784d00000, 0x0000000784e00000|  0%| F|  |TAMS 0x0000000784d00000, 0x0000000784d00000| Untracked 
|  78|0x0000000784e00000, 0x0000000784e00000, 0x0000000784f00000|  0%| F|  |TAMS 0x0000000784e00000, 0x0000000784e00000| Untracked 
|  79|0x0000000784f00000, 0x0000000784f20908, 0x0000000785000000| 12%| S|CS|TAMS 0x0000000784f00000, 0x0000000784f00000| Complete 
|  80|0x0000000785000000, 0x0000000785100000, 0x0000000785100000|100%| S|CS|TAMS 0x0000000785000000, 0x0000000785000000| Complete 
|  81|0x0000000785100000, 0x0000000785200000, 0x0000000785200000|100%| S|CS|TAMS 0x0000000785100000, 0x0000000785100000| Complete 
|  82|0x0000000785200000, 0x0000000785200000, 0x0000000785300000|  0%| F|  |TAMS 0x0000000785200000, 0x0000000785200000| Untracked 
|  83|0x0000000785300000, 0x0000000785300000, 0x0000000785400000|  0%| F|  |TAMS 0x0000000785300000, 0x0000000785300000| Untracked 
|  84|0x0000000785400000, 0x0000000785400000, 0x0000000785500000|  0%| F|  |TAMS 0x0000000785400000, 0x0000000785400000| Untracked 
|  85|0x0000000785500000, 0x0000000785500000, 0x0000000785600000|  0%| F|  |TAMS 0x0000000785500000, 0x0000000785500000| Untracked 
|  86|0x0000000785600000, 0x0000000785680800, 0x0000000785700000| 50%| E|  |TAMS 0x0000000785600000, 0x0000000785600000| Complete 
|  87|0x0000000785700000, 0x0000000785800000, 0x0000000785800000|100%| E|CS|TAMS 0x0000000785700000, 0x0000000785700000| Complete 
|  88|0x0000000785800000, 0x0000000785900000, 0x0000000785900000|100%| E|CS|TAMS 0x0000000785800000, 0x0000000785800000| Complete 
|  89|0x0000000785900000, 0x0000000785a00000, 0x0000000785a00000|100%| E|CS|TAMS 0x0000000785900000, 0x0000000785900000| Complete 
|  90|0x0000000785a00000, 0x0000000785b00000, 0x0000000785b00000|100%| E|CS|TAMS 0x0000000785a00000, 0x0000000785a00000| Complete 
|  91|0x0000000785b00000, 0x0000000785c00000, 0x0000000785c00000|100%| E|CS|TAMS 0x0000000785b00000, 0x0000000785b00000| Complete 
|  92|0x0000000785c00000, 0x0000000785d00000, 0x0000000785d00000|100%| E|CS|TAMS 0x0000000785c00000, 0x0000000785c00000| Complete 
|  93|0x0000000785d00000, 0x0000000785e00000, 0x0000000785e00000|100%| E|CS|TAMS 0x0000000785d00000, 0x0000000785d00000| Complete 
|  94|0x0000000785e00000, 0x0000000785f00000, 0x0000000785f00000|100%| E|CS|TAMS 0x0000000785e00000, 0x0000000785e00000| Complete 
|  95|0x0000000785f00000, 0x0000000786000000, 0x0000000786000000|100%| E|CS|TAMS 0x0000000785f00000, 0x0000000785f00000| Complete 
|  96|0x0000000786000000, 0x0000000786100000, 0x0000000786100000|100%| E|CS|TAMS 0x0000000786000000, 0x0000000786000000| Complete 
|  97|0x0000000786100000, 0x0000000786200000, 0x0000000786200000|100%| E|CS|TAMS 0x0000000786100000, 0x0000000786100000| Complete 
|  98|0x0000000786200000, 0x0000000786300000, 0x0000000786300000|100%| E|CS|TAMS 0x0000000786200000, 0x0000000786200000| Complete 
|  99|0x0000000786300000, 0x0000000786400000, 0x0000000786400000|100%| E|CS|TAMS 0x0000000786300000, 0x0000000786300000| Complete 
| 100|0x0000000786400000, 0x0000000786500000, 0x0000000786500000|100%| E|CS|TAMS 0x0000000786400000, 0x0000000786400000| Complete 
| 101|0x0000000786500000, 0x0000000786600000, 0x0000000786600000|100%| E|CS|TAMS 0x0000000786500000, 0x0000000786500000| Complete 
| 102|0x0000000786600000, 0x0000000786700000, 0x0000000786700000|100%| E|CS|TAMS 0x0000000786600000, 0x0000000786600000| Complete 
| 103|0x0000000786700000, 0x0000000786800000, 0x0000000786800000|100%| E|CS|TAMS 0x0000000786700000, 0x0000000786700000| Complete 
| 104|0x0000000786800000, 0x0000000786900000, 0x0000000786900000|100%| E|CS|TAMS 0x0000000786800000, 0x0000000786800000| Complete 
| 105|0x0000000786900000, 0x0000000786a00000, 0x0000000786a00000|100%| E|CS|TAMS 0x0000000786900000, 0x0000000786900000| Complete 
| 106|0x0000000786a00000, 0x0000000786b00000, 0x0000000786b00000|100%| E|CS|TAMS 0x0000000786a00000, 0x0000000786a00000| Complete 
| 107|0x0000000786b00000, 0x0000000786c00000, 0x0000000786c00000|100%| E|CS|TAMS 0x0000000786b00000, 0x0000000786b00000| Complete 
| 108|0x0000000786c00000, 0x0000000786d00000, 0x0000000786d00000|100%| E|CS|TAMS 0x0000000786c00000, 0x0000000786c00000| Complete 
| 109|0x0000000786d00000, 0x0000000786e00000, 0x0000000786e00000|100%| E|CS|TAMS 0x0000000786d00000, 0x0000000786d00000| Complete 
| 110|0x0000000786e00000, 0x0000000786f00000, 0x0000000786f00000|100%| E|CS|TAMS 0x0000000786e00000, 0x0000000786e00000| Complete 
| 111|0x0000000786f00000, 0x0000000787000000, 0x0000000787000000|100%| E|CS|TAMS 0x0000000786f00000, 0x0000000786f00000| Complete 
| 112|0x0000000787000000, 0x0000000787100000, 0x0000000787100000|100%| E|CS|TAMS 0x0000000787000000, 0x0000000787000000| Complete 
| 113|0x0000000787100000, 0x0000000787200000, 0x0000000787200000|100%| E|CS|TAMS 0x0000000787100000, 0x0000000787100000| Complete 
| 114|0x0000000787200000, 0x0000000787300000, 0x0000000787300000|100%| E|CS|TAMS 0x0000000787200000, 0x0000000787200000| Complete 
| 115|0x0000000787300000, 0x0000000787400000, 0x0000000787400000|100%| E|CS|TAMS 0x0000000787300000, 0x0000000787300000| Complete 
| 116|0x0000000787400000, 0x0000000787500000, 0x0000000787500000|100%| E|CS|TAMS 0x0000000787400000, 0x0000000787400000| Complete 
| 117|0x0000000787500000, 0x0000000787600000, 0x0000000787600000|100%| E|CS|TAMS 0x0000000787500000, 0x0000000787500000| Complete 
| 118|0x0000000787600000, 0x0000000787700000, 0x0000000787700000|100%| E|CS|TAMS 0x0000000787600000, 0x0000000787600000| Complete 
| 119|0x0000000787700000, 0x0000000787800000, 0x0000000787800000|100%| E|CS|TAMS 0x0000000787700000, 0x0000000787700000| Complete 
| 120|0x0000000787800000, 0x0000000787900000, 0x0000000787900000|100%| E|CS|TAMS 0x0000000787800000, 0x0000000787800000| Complete 
| 121|0x0000000787900000, 0x0000000787a00000, 0x0000000787a00000|100%| E|CS|TAMS 0x0000000787900000, 0x0000000787900000| Complete 
| 122|0x0000000787a00000, 0x0000000787b00000, 0x0000000787b00000|100%| E|CS|TAMS 0x0000000787a00000, 0x0000000787a00000| Complete 
| 123|0x0000000787b00000, 0x0000000787c00000, 0x0000000787c00000|100%| E|CS|TAMS 0x0000000787b00000, 0x0000000787b00000| Complete 
| 124|0x0000000787c00000, 0x0000000787d00000, 0x0000000787d00000|100%| E|CS|TAMS 0x0000000787c00000, 0x0000000787c00000| Complete 
| 125|0x0000000787d00000, 0x0000000787e00000, 0x0000000787e00000|100%| E|CS|TAMS 0x0000000787d00000, 0x0000000787d00000| Complete 
| 126|0x0000000787e00000, 0x0000000787f00000, 0x0000000787f00000|100%| E|CS|TAMS 0x0000000787e00000, 0x0000000787e00000| Complete 
| 127|0x0000000787f00000, 0x0000000788000000, 0x0000000788000000|100%| E|CS|TAMS 0x0000000787f00000, 0x0000000787f00000| Complete 
|2046|0x00000007ffe00000, 0x00000007ffe76000, 0x00000007fff00000| 46%|OA|  |TAMS 0x00000007ffe00000, 0x00000007ffe00000| Untracked 
|2047|0x00000007fff00000, 0x00000007fff7f000, 0x0000000800000000| 49%|CA|  |TAMS 0x00000007fff00000, 0x00000007fff00000| Untracked 

Card table byte_map: [0x0000000122ea0000,0x00000001232a0000] _byte_map_base: 0x000000011f2a0000

Marking Bits (Prev, Next): (CMBitMap*) 0x00007ff672808210, (CMBitMap*) 0x00007ff672808250
 Prev Bits: [0x00000001236a0000, 0x00000001256a0000)
 Next Bits: [0x00000001256a0000, 0x00000001276a0000)

Polling page: 0x00000001004b2000

Metaspace:

Usage:
  Non-class:      2.19 MB used.
      Class:    226.81 KB used.
       Both:      2.41 MB used.

Virtual space:
  Non-class space:        8.00 MB reserved,       2.25 MB ( 28%) committed,  1 nodes.
      Class space:        1.00 GB reserved,     320.00 KB ( <1%) committed,  1 nodes.
             Both:        1.01 GB reserved,       2.56 MB ( <1%) committed. 

Chunk freelists:
   Non-Class:  3.63 MB
       Class:  3.63 MB
        Both:  7.26 MB

MaxMetaspaceSize: unlimited
CompressedClassSpaceSize: 1.00 GB
Initial GC threshold: 21.00 MB
Current GC threshold: 21.00 MB
CDS: on
MetaspaceReclaimPolicy: balanced
 - commit_granule_bytes: 65536.
 - commit_granule_words: 8192.
 - virtual_space_node_default_size: 1048576.
 - enlarge_chunks_in_place: 1.
 - new_chunks_are_fully_committed: 0.
 - uncommit_free_chunks: 1.
 - use_allocation_guard: 0.
 - handle_deallocations: 1.


Internal statistics:

num_allocs_failed_limit: 0.
num_arena_births: 168.
num_arena_deaths: 0.
num_vsnodes_births: 2.
num_vsnodes_deaths: 0.
num_space_committed: 41.
num_space_uncommitted: 0.
num_chunks_returned_to_freelist: 0.
num_chunks_taken_from_freelist: 220.
num_chunk_merges: 0.
num_chunk_splits: 142.
num_chunks_enlarged: 73.
num_purges: 0.
num_inconsistent_stats: 0.

CodeHeap 'non-profiled nmethods': size=120028Kb used=485Kb max_used=485Kb free=119542Kb
 bounds [0x000000011b569000, 0x000000011b7d9000, 0x0000000122aa0000]
CodeHeap 'profiled nmethods': size=120028Kb used=1745Kb max_used=1745Kb free=118282Kb
 bounds [0x0000000114032000, 0x00000001142a2000, 0x000000011b569000]
CodeHeap 'non-nmethods': size=5704Kb used=1145Kb max_used=1172Kb free=4558Kb
 bounds [0x0000000113aa0000, 0x0000000113d10000, 0x0000000114032000]
 total_blobs=1342 nmethods=903 adapters=354
 compilation: enabled
              stopped_count=0, restarted_count=0
 full_count=0

Compilation events (20 events):
Event: 2719.417 Thread 0x00007ff68380f200  893       4       java.nio.ByteBuffer::position (8 bytes)
Event: 2719.418 Thread 0x00007ff68380f200 nmethod 893 0x000000011b5d9610 code [0x000000011b5d97a0, 0x000000011b5d9878]
Event: 2719.418 Thread 0x00007ff68380f200  898       4       java.nio.ByteBuffer::flip (7 bytes)
Event: 2719.418 Thread 0x00007ff68380f200 nmethod 898 0x000000011b5d9a10 code [0x000000011b5d9b80, 0x000000011b5d9c18]
Event: 2719.418 Thread 0x00007ff68380f200  896   !   4       java.io.BufferedWriter::flushBuffer (53 bytes)
Event: 2719.426 Thread 0x00007ff68380f200 nmethod 896 0x000000011b5d9d10 code [0x000000011b5d9f00, 0x000000011b5dabc8]
Event: 2719.426 Thread 0x00007ff68380f200  897       4       java.nio.ByteBuffer::position (6 bytes)
Event: 2719.427 Thread 0x00007ff68380f200 nmethod 897 0x000000011b5dbd10 code [0x000000011b5dbea0, 0x000000011b5dbf98]
Event: 2719.427 Thread 0x00007ff68380f200  901   !   4       java.io.PrintStream::write (69 bytes)
Event: 2719.429 Thread 0x00007ff68380f200 nmethod 901 0x000000011b5dc190 code [0x000000011b5dc360, 0x000000011b5dcb08]
Event: 2719.429 Thread 0x00007ff68380f200  904       4       com.salmon.spicysalmon.views.EmployeeMenu::printAllTransactions (11 bytes)
Event: 2719.430 Thread 0x00007ff68380f200 nmethod 904 0x000000011b5dd390 code [0x000000011b5dd520, 0x000000011b5dd618]
Event: 2719.430 Thread 0x00007ff68380f200  902       4       java.nio.ByteBuffer::clear (7 bytes)
Event: 2719.430 Thread 0x00007ff68380f200 nmethod 902 0x000000011b5dd810 code [0x000000011b5dd980, 0x000000011b5dda18]
Event: 2719.430 Thread 0x00007ff68380f200  903   !   4       java.io.PrintStream::writeln (81 bytes)
Event: 2719.445 Thread 0x00007ff68380f200 nmethod 903 0x000000011b5ddb10 code [0x000000011b5ddd80, 0x000000011b5dfc58]
Event: 2719.502 Thread 0x00007ff68380c000  906       3       java.lang.ref.Reference::enqueueFromPending (19 bytes)
Event: 2719.502 Thread 0x00007ff68380c000 nmethod 906 0x00000001141e5490 code [0x00000001141e5640, 0x00000001141e5860]
Event: 2719.502 Thread 0x00007ff68380c000  907   !   3       java.lang.ref.ReferenceQueue::enqueue (119 bytes)
Event: 2719.503 Thread 0x00007ff68380c000 nmethod 907 0x00000001141e5990 code [0x00000001141e5b80, 0x00000001141e6280]

GC Heap History (4 events):
Event: 2719.222 GC heap before
{Heap before GC invocations=0 (full 0):
 garbage-first heap   total 133120K, used 24532K [0x0000000780000000, 0x0000000800000000)
  region size 1024K, 23 young (23552K), 0 survivors (0K)
 Metaspace       used 2467K, committed 2624K, reserved 1056768K
  class space    used 226K, committed 320K, reserved 1048576K
}
Event: 2719.245 GC heap after
{Heap after GC invocations=1 (full 0):
 garbage-first heap   total 133120K, used 3198K [0x0000000780000000, 0x0000000800000000)
  region size 1024K, 3 young (3072K), 3 survivors (3072K)
 Metaspace       used 2467K, committed 2624K, reserved 1056768K
  class space    used 226K, committed 320K, reserved 1048576K
}
Event: 2719.498 GC heap before
{Heap before GC invocations=1 (full 0):
 garbage-first heap   total 133120K, used 47230K [0x0000000780000000, 0x0000000800000000)
  region size 1024K, 46 young (47104K), 3 survivors (3072K)
 Metaspace       used 2471K, committed 2624K, reserved 1056768K
  class space    used 226K, committed 320K, reserved 1048576K
}
Event: 2719.501 GC heap after
{Heap after GC invocations=2 (full 0):
 garbage-first heap   total 133120K, used 3158K [0x0000000780000000, 0x0000000800000000)
  region size 1024K, 3 young (3072K), 3 survivors (3072K)
 Metaspace       used 2471K, committed 2624K, reserved 1056768K
  class space    used 226K, committed 320K, reserved 1048576K
}

Deoptimization events (20 events):
Event: 2719.038 Thread 0x00007ff684808200 DEOPT PACKING pc=0x000000011418d49f sp=0x0000000304e57250
Event: 2719.038 Thread 0x00007ff684808200 DEOPT UNPACKING pc=0x0000000113af2810 sp=0x0000000304e567f0 mode 0
Event: 2719.038 Thread 0x00007ff684808200 DEOPT PACKING pc=0x000000011418d49f sp=0x0000000304e57250
Event: 2719.038 Thread 0x00007ff684808200 DEOPT UNPACKING pc=0x0000000113af2810 sp=0x0000000304e567f0 mode 0
Event: 2719.087 Thread 0x00007ff684808200 Uncommon trap: trap_request=0xffffffde fr.pc=0x000000011b5a8da8 relative=0x0000000000000108
Event: 2719.087 Thread 0x00007ff684808200 Uncommon trap: reason=class_check action=maybe_recompile pc=0x000000011b5a8da8 method=jdk.internal.misc.Unsafe.allocateUninitializedArray(Ljava/lang/Class;I)Ljava/lang/Object; @ 51 c2
Event: 2719.087 Thread 0x00007ff684808200 DEOPT PACKING pc=0x000000011b5a8da8 sp=0x0000000304e57380
Event: 2719.087 Thread 0x00007ff684808200 DEOPT UNPACKING pc=0x0000000113af2093 sp=0x0000000304e57328 mode 2
Event: 2719.087 Thread 0x00007ff684808200 Uncommon trap: trap_request=0xffffffde fr.pc=0x000000011b5a8da8 relative=0x0000000000000108
Event: 2719.087 Thread 0x00007ff684808200 Uncommon trap: reason=class_check action=maybe_recompile pc=0x000000011b5a8da8 method=jdk.internal.misc.Unsafe.allocateUninitializedArray(Ljava/lang/Class;I)Ljava/lang/Object; @ 51 c2
Event: 2719.087 Thread 0x00007ff684808200 DEOPT PACKING pc=0x000000011b5a8da8 sp=0x0000000304e57600
Event: 2719.087 Thread 0x00007ff684808200 DEOPT UNPACKING pc=0x0000000113af2093 sp=0x0000000304e575a8 mode 2
Event: 2719.088 Thread 0x00007ff684808200 Uncommon trap: trap_request=0xffffffde fr.pc=0x000000011b5a8da8 relative=0x0000000000000108
Event: 2719.088 Thread 0x00007ff684808200 Uncommon trap: reason=class_check action=maybe_recompile pc=0x000000011b5a8da8 method=jdk.internal.misc.Unsafe.allocateUninitializedArray(Ljava/lang/Class;I)Ljava/lang/Object; @ 51 c2
Event: 2719.088 Thread 0x00007ff684808200 DEOPT PACKING pc=0x000000011b5a8da8 sp=0x0000000304e57380
Event: 2719.088 Thread 0x00007ff684808200 DEOPT UNPACKING pc=0x0000000113af2093 sp=0x0000000304e57328 mode 2
Event: 2719.088 Thread 0x00007ff684808200 Uncommon trap: trap_request=0xffffffde fr.pc=0x000000011b5a8da8 relative=0x0000000000000108
Event: 2719.088 Thread 0x00007ff684808200 Uncommon trap: reason=class_check action=maybe_recompile pc=0x000000011b5a8da8 method=jdk.internal.misc.Unsafe.allocateUninitializedArray(Ljava/lang/Class;I)Ljava/lang/Object; @ 51 c2
Event: 2719.088 Thread 0x00007ff684808200 DEOPT PACKING pc=0x000000011b5a8da8 sp=0x0000000304e57600
Event: 2719.088 Thread 0x00007ff684808200 DEOPT UNPACKING pc=0x0000000113af2093 sp=0x0000000304e575a8 mode 2

Classes unloaded (0 events):
No events

Classes redefined (0 events):
No events

Internal exceptions (6 events):
Event: 0.156 Thread 0x00007ff672879c00 Exception <a 'java/lang/NoSuchMethodError'{0x0000000787eef0f8}: 'java.lang.Object java.lang.invoke.DirectMethodHandle$Holder.invokeStaticInit(java.lang.Object)'> (0x0000000787eef0f8) 
thrown [open/src/hotspot/share/interpreter/linkResolver.cpp, line 766]
Event: 0.167 Thread 0x00007ff672879c00 Exception <a 'java/lang/NoSuchMethodError'{0x0000000787efd8e8}: 'void java.lang.invoke.DirectMethodHandle$Holder.invokeStatic(java.lang.Object, java.lang.Object)'> (0x0000000787efd8e8) 
thrown [open/src/hotspot/share/interpreter/linkResolver.cpp, line 766]
Event: 0.298 Thread 0x00007ff684808200 Exception <a 'java/lang/NoSuchMethodError'{0x0000000787e7ef30}: 'java.lang.Object java.lang.invoke.DirectMethodHandle$Holder.invokeStaticInit(java.lang.Object, java.lang.Object, java.lang.Object)'> (0x0000000787e7ef30) 
thrown [open/src/hotspot/share/interpreter/linkResolver.cpp, line 766]
Event: 2718.958 Thread 0x00007ff684808200 Exception <a 'java/lang/NoSuchMethodError'{0x000000078799bd68}: 'java.lang.Object java.lang.invoke.Invokers$Holder.invokeExact_MT(java.lang.Object, java.lang.Object, java.lang.Object, java.lang.Object, java.lang.Object, java.lang.Object)'> (0x000000078799bd68) 
thrown [open/src/hotspot/share/interpreter/linkResolver.cpp, line 766]
Event: 2718.978 Thread 0x00007ff684808200 Exception <a 'java/lang/NoSuchMethodError'{0x00000007879ef270}: 'java.lang.Object java.lang.invoke.DirectMethodHandle$Holder.invokeSpecial(java.lang.Object, java.lang.Object, long, java.lang.Object, java.lang.Object, java.lang.Object, java.lang.Object, java.lang.Object, java.lang.Object, java.lang.Object, java.lang.Object, java.lang.Object)'> (0x00000007879ef270) 
thrown [open/src/hotspot/share/interpreter/linkResolver.cpp, line 766]
Event: 2718.979 Thread 0x00007ff684808200 Exception <a 'java/lang/NoSuchMethodError'{0x00000007879f37b8}: 'java.lang.Object java.lang.invoke.DelegatingMethodHandle$Holder.reinvoke_L(java.lang.Object, long, java.lang.Object, java.lang.Object, java.lang.Object, java.lang.Object, java.lang.Object, java.lang.Object, java.lang.Object, java.lang.Object, java.lang.Object)'> (0x00000007879f37b8) 
thrown [open/src/hotspot/share/interpreter/linkResolver.cpp, line 766]

VM Operations (12 events):
Event: 0.154 Executing VM operation: HandshakeAllThreads
Event: 0.154 Executing VM operation: HandshakeAllThreads done
Event: 1.155 Executing VM operation: Cleanup
Event: 1.157 Executing VM operation: Cleanup done
Event: 2.365 Executing VM operation: Cleanup
Event: 2.366 Executing VM operation: Cleanup done
Event: 43.501 Executing VM operation: Cleanup
Event: 43.502 Executing VM operation: Cleanup done
Event: 2719.219 Executing VM operation: G1CollectForAllocation
Event: 2719.246 Executing VM operation: G1CollectForAllocation done
Event: 2719.498 Executing VM operation: G1CollectForAllocation
Event: 2719.501 Executing VM operation: G1CollectForAllocation done

Events (20 events):
Event: 1.479 loading class sun/util/resources/cldr/TimeZoneNames
Event: 1.479 loading class sun/util/resources/TimeZoneNamesBundle
Event: 1.479 loading class sun/util/resources/OpenListResourceBundle
Event: 1.480 loading class sun/util/resources/OpenListResourceBundle done
Event: 1.480 loading class sun/util/resources/TimeZoneNamesBundle done
Event: 1.480 loading class sun/util/resources/cldr/TimeZoneNames done
Event: 1.480 loading class sun/util/resources/cldr/TimeZoneNames_en
Event: 1.481 loading class sun/util/resources/cldr/TimeZoneNames_en done
Event: 1.481 loading class sun/util/resources/cldr/TimeZoneNames_en_US
Event: 1.481 loading class sun/util/resources/cldr/TimeZoneNames_en_US done
Event: 1.484 loading class sun/util/resources/TimeZoneNames
Event: 1.484 loading class sun/util/resources/TimeZoneNames done
Event: 1.484 loading class sun/util/resources/TimeZoneNames_en
Event: 1.484 loading class sun/util/resources/TimeZoneNames_en done
Event: 43.186 loading class java/util/regex/Matcher$ImmutableMatchResult
Event: 43.186 loading class java/util/regex/Matcher$ImmutableMatchResult done
Event: 816.293 loading class java/lang/NumberFormatException
Event: 816.294 loading class java/lang/NumberFormatException done
Event: 2719.359 loading class jdk/internal/access/foreign/MemorySegmentProxy
Event: 2719.359 loading class jdk/internal/access/foreign/MemorySegmentProxy done


Dynamic libraries:
0x0000000108ae4000 	/Users/umarmahmood/Library/Java/JavaVirtualMachines/openjdk-17.0.1/Contents/Home/lib/libjli.dylib
0x00007ff82987e000 	/usr/lib/libz.1.dylib
0x00007ff829964000 	/usr/lib/libSystem.B.dylib
0x00007ff82995f000 	/usr/lib/system/libcache.dylib
0x00007ff82991b000 	/usr/lib/system/libcommonCrypto.dylib
0x00007ff829944000 	/usr/lib/system/libcompiler_rt.dylib
0x00007ff82993a000 	/usr/lib/system/libcopyfile.dylib
0x00007ff81e4ce000 	/usr/lib/system/libcorecrypto.dylib
0x00007ff81e58d000 	/usr/lib/system/libdispatch.dylib
0x00007ff81e74f000 	/usr/lib/system/libdyld.dylib
0x00007ff829956000 	/usr/lib/system/libkeymgr.dylib
0x00007ff8298f9000 	/usr/lib/system/libmacho.dylib
0x00007ff828f8a000 	/usr/lib/system/libquarantine.dylib
0x00007ff829954000 	/usr/lib/system/libremovefile.dylib
0x00007ff8235cd000 	/usr/lib/system/libsystem_asl.dylib
0x00007ff81e47c000 	/usr/lib/system/libsystem_blocks.dylib
0x00007ff81e614000 	/usr/lib/system/libsystem_c.dylib
0x00007ff82994c000 	/usr/lib/system/libsystem_collections.dylib
0x00007ff8281c0000 	/usr/lib/system/libsystem_configuration.dylib
0x00007ff827480000 	/usr/lib/system/libsystem_containermanager.dylib
0x00007ff829632000 	/usr/lib/system/libsystem_coreservices.dylib
0x00007ff820c9b000 	/usr/lib/system/libsystem_darwin.dylib
0x00007ff829957000 	/usr/lib/system/libsystem_dnssd.dylib
0x00007ff81e611000 	/usr/lib/system/libsystem_featureflags.dylib
0x00007ff81e765000 	/usr/lib/system/libsystem_info.dylib
0x00007ff829891000 	/usr/lib/system/libsystem_m.dylib
0x00007ff81e561000 	/usr/lib/system/libsystem_malloc.dylib
0x00007ff82356a000 	/usr/lib/system/libsystem_networkextension.dylib
0x00007ff8210c3000 	/usr/lib/system/libsystem_notify.dylib
0x00007ff82fb51000 	/usr/lib/system/libsystem_product_info_filter.dylib
0x00007ff8281c4000 	/usr/lib/system/libsystem_sandbox.dylib
0x00007ff829951000 	/usr/lib/system/libsystem_secinit.dylib
0x00007ff81e70c000 	/usr/lib/system/libsystem_kernel.dylib
0x00007ff81e75b000 	/usr/lib/system/libsystem_platform.dylib
0x00007ff81e743000 	/usr/lib/system/libsystem_pthread.dylib
0x00007ff824e91000 	/usr/lib/system/libsystem_symptoms.dylib
0x00007ff81e4b5000 	/usr/lib/system/libsystem_trace.dylib
0x00007ff829927000 	/usr/lib/system/libunwind.dylib
0x00007ff81e47e000 	/usr/lib/system/libxpc.dylib
0x00007ff81e6f6000 	/usr/lib/libc++abi.dylib
0x00007ff81e5d4000 	/usr/lib/libobjc.A.dylib
0x00007ff829932000 	/usr/lib/liboah.dylib
0x00007ff81e69d000 	/usr/lib/libc++.1.dylib
0x00007ff835880000 	/System/Library/Frameworks/Cocoa.framework/Versions/A/Cocoa
0x00007ff821121000 	/System/Library/Frameworks/AppKit.framework/Versions/C/AppKit
0x00007ff824671000 	/System/Library/Frameworks/CoreData.framework/Versions/A/CoreData
0x00007ff81f53c000 	/System/Library/Frameworks/Foundation.framework/Versions/C/Foundation
0x00007ff821fae000 	/System/Library/PrivateFrameworks/UIFoundation.framework/Versions/A/UIFoundation
0x00007ff82f858000 	/System/Library/PrivateFrameworks/RemoteViewServices.framework/Versions/A/RemoteViewServices
0x00007ff827b57000 	/System/Library/PrivateFrameworks/XCTTargetBootstrap.framework/Versions/A/XCTTargetBootstrap
0x00007ff82b82f000 	/System/Library/PrivateFrameworks/InternationalSupport.framework/Versions/A/InternationalSupport
0x00007ff82b8b9000 	/System/Library/PrivateFrameworks/UserActivity.framework/Versions/A/UserActivity
0x00007ff82ac16000 	/usr/lib/libspindump.dylib
0x00007ff82223c000 	/System/Library/Frameworks/UniformTypeIdentifiers.framework/Versions/A/UniformTypeIdentifiers
0x00007ff826296000 	/usr/lib/libapp_launch_measurement.dylib
0x00007ff82504b000 	/System/Library/PrivateFrameworks/CoreAnalytics.framework/Versions/A/CoreAnalytics
0x00007ff826299000 	/System/Library/PrivateFrameworks/CoreAutoLayout.framework/Versions/A/CoreAutoLayout
0x00007ff8274b8000 	/System/Library/Frameworks/Metal.framework/Versions/A/Metal
0x00007ff8281cf000 	/usr/lib/liblangid.dylib
0x00007ff827b5b000 	/System/Library/PrivateFrameworks/CoreSVG.framework/Versions/A/CoreSVG
0x00007ff8235fe000 	/System/Library/PrivateFrameworks/SkyLight.framework/Versions/A/SkyLight
0x00007ff82398f000 	/System/Library/Frameworks/CoreGraphics.framework/Versions/A/CoreGraphics
0x00007ff82fec3000 	/System/Library/Frameworks/Accelerate.framework/Versions/A/Accelerate
0x00007ff82a691000 	/System/Library/PrivateFrameworks/IconServices.framework/Versions/A/IconServices
0x00007ff82749d000 	/System/Library/Frameworks/IOSurface.framework/Versions/A/IOSurface
0x00007ff825079000 	/usr/lib/libDiagnosticMessagesClient.dylib
0x00007ff833522000 	/System/Library/Frameworks/ApplicationServices.framework/Versions/A/ApplicationServices
0x00007ff827b43000 	/System/Library/PrivateFrameworks/DFRFoundation.framework/Versions/A/DFRFoundation
0x00007ff820a12000 	/usr/lib/libicucore.A.dylib
0x00007ff82c551000 	/System/Library/Frameworks/AudioToolbox.framework/Versions/A/AudioToolbox
0x00007ff82b83b000 	/System/Library/PrivateFrameworks/DataDetectorsCore.framework/Versions/A/DataDetectorsCore
0x00007ff926fd0000 	/System/Library/PrivateFrameworks/TextInput.framework/Versions/A/TextInput
0x00007ff823581000 	/usr/lib/libMobileGestalt.dylib
0x00007ff82784b000 	/System/Library/Frameworks/Carbon.framework/Versions/A/Frameworks/HIToolbox.framework/Versions/A/HIToolbox
0x00007ff825cc4000 	/System/Library/Frameworks/QuartzCore.framework/Versions/A/QuartzCore
0x00007ff8206b3000 	/System/Library/Frameworks/Security.framework/Versions/A/Security
0x00007ff82f890000 	/System/Library/Frameworks/Carbon.framework/Versions/A/Frameworks/SpeechRecognition.framework/Versions/A/SpeechRecognition
0x00007ff825ff6000 	/System/Library/PrivateFrameworks/CoreUI.framework/Versions/A/CoreUI
0x00007ff81ff8d000 	/System/Library/Frameworks/CoreAudio.framework/Versions/A/CoreAudio
0x00007ff825167000 	/System/Library/Frameworks/DiskArbitration.framework/Versions/A/DiskArbitration
0x00007ff82aff9000 	/System/Library/PrivateFrameworks/MultitouchSupport.framework/Versions/A/MultitouchSupport
0x00007ff823580000 	/usr/lib/libenergytrace.dylib
0x00007ff82100d000 	/System/Library/Frameworks/IOKit.framework/Versions/A/IOKit
0x00007ff82fc7a000 	/System/Library/Frameworks/CoreServices.framework/Versions/A/CoreServices
0x00007ff826230000 	/System/Library/PrivateFrameworks/PerformanceAnalysis.framework/Versions/A/PerformanceAnalysis
0x00007ffa36a3f000 	/System/Library/Frameworks/OpenGL.framework/Versions/A/OpenGL
0x00007ff828eb6000 	/System/Library/PrivateFrameworks/MobileKeyBag.framework/Versions/A/MobileKeyBag
0x00007ff8240be000 	/System/Library/Frameworks/ColorSync.framework/Versions/A/ColorSync
0x00007ff81e790000 	/System/Library/Frameworks/CoreFoundation.framework/Versions/A/CoreFoundation
0x00007ff827dd6000 	/System/Library/Frameworks/CoreImage.framework/Versions/A/CoreImage
0x00007ff81fda3000 	/System/Library/Frameworks/CoreText.framework/Versions/A/CoreText
0x00007ff827b8a000 	/System/Library/Frameworks/ImageIO.framework/Versions/A/ImageIO
0x00007ff82996a000 	/System/Library/PrivateFrameworks/SoftLinking.framework/Versions/A/SoftLinking
0x00007ff8262e1000 	/usr/lib/libxml2.2.dylib
0x00007ff829bea000 	/usr/lib/libcompression.dylib
0x00007ff82b765000 	/System/Library/PrivateFrameworks/TextureIO.framework/Versions/A/TextureIO
0x00007ff82a30a000 	/usr/lib/libate.dylib
0x00007ff82a0c3000 	/usr/lib/liblzma.5.dylib
0x00007ff81f24d000 	/System/Library/Frameworks/SystemConfiguration.framework/Versions/A/SystemConfiguration
0x00007ff829966000 	/usr/lib/libfakelink.dylib
0x00007ff8230d4000 	/System/Library/Frameworks/CFNetwork.framework/Versions/A/CFNetwork
0x00007ff829aa5000 	/usr/lib/libarchive.2.dylib
0x00007ff8281cb000 	/System/Library/PrivateFrameworks/AppleSystemInfo.framework/Versions/A/AppleSystemInfo
0x00007ff828fb0000 	/usr/lib/libbsm.0.dylib
0x00007ff82270b000 	/usr/lib/libnetwork.dylib
0x00007ff8298ff000 	/usr/lib/system/libkxld.dylib
0x00007ff828bdf000 	/System/Library/PrivateFrameworks/IOMobileFramebuffer.framework/Versions/A/IOMobileFramebuffer
0x00007ffb343e1000 	/usr/lib/libCoreEntitlements.dylib
0x00007ff829614000 	/System/Library/PrivateFrameworks/AppleFSCompression.framework/Versions/A/AppleFSCompression
0x00007ff828f99000 	/usr/lib/libcoretls.dylib
0x00007ff82a0dd000 	/usr/lib/libcoretls_cfhelpers.dylib
0x00007ff829be5000 	/usr/lib/libpam.2.dylib
0x00007ff824ab7000 	/usr/lib/libsqlite3.dylib
0x00007ff82a14c000 	/usr/lib/libxar.1.dylib
0x00007ff829624000 	/usr/lib/libbz2.1.0.dylib
0x00007ff82996b000 	/usr/lib/libpcap.A.dylib
0x00007ff824e88000 	/usr/lib/libdns_services.dylib
0x00007ff829bb7000 	/usr/lib/libapple_nghttp2.dylib
0x00007ff8299a2000 	/usr/lib/libiconv.2.dylib
0x00007ff8298f8000 	/usr/lib/libcharset.1.dylib
0x00007ff826264000 	/System/Library/Frameworks/CoreServices.framework/Versions/A/Frameworks/FSEvents.framework/Versions/A/FSEvents
0x00007ff820ca5000 	/System/Library/Frameworks/CoreServices.framework/Versions/A/Frameworks/CarbonCore.framework/Versions/A/CarbonCore
0x00007ff8250cc000 	/System/Library/Frameworks/CoreServices.framework/Versions/A/Frameworks/Metadata.framework/Versions/A/Metadata
0x00007ff829637000 	/System/Library/Frameworks/CoreServices.framework/Versions/A/Frameworks/OSServices.framework/Versions/A/OSServices
0x00007ff829b2b000 	/System/Library/Frameworks/CoreServices.framework/Versions/A/Frameworks/SearchKit.framework/Versions/A/SearchKit
0x00007ff824e1a000 	/System/Library/Frameworks/CoreServices.framework/Versions/A/Frameworks/AE.framework/Versions/A/AE
0x00007ff81ec91000 	/System/Library/Frameworks/CoreServices.framework/Versions/A/Frameworks/LaunchServices.framework/Versions/A/LaunchServices
0x00007ff82a074000 	/System/Library/Frameworks/CoreServices.framework/Versions/A/Frameworks/DictionaryServices.framework/Versions/A/DictionaryServices
0x00007ff826271000 	/System/Library/Frameworks/CoreServices.framework/Versions/A/Frameworks/SharedFileList.framework/Versions/A/SharedFileList
0x00007ff828f8d000 	/usr/lib/libCheckFix.dylib
0x00007ff8235e4000 	/System/Library/PrivateFrameworks/TCC.framework/Versions/A/TCC
0x00007ff8281d1000 	/System/Library/PrivateFrameworks/CoreNLP.framework/Versions/A/CoreNLP
0x00007ff82507c000 	/System/Library/PrivateFrameworks/MetadataUtilities.framework/Versions/A/MetadataUtilities
0x00007ff81f2fd000 	/usr/lib/libmecabra.dylib
0x00007ff828fc0000 	/usr/lib/libmecab.dylib
0x00007ff81f2c8000 	/usr/lib/libCRFSuite.dylib
0x00007ff82901d000 	/usr/lib/libgermantok.dylib
0x00007ff829b92000 	/usr/lib/libThaiTokenizer.dylib
0x00007ff82516e000 	/System/Library/Frameworks/Accelerate.framework/Versions/A/Frameworks/vImage.framework/Versions/A/vImage
0x00007ff82fc51000 	/System/Library/Frameworks/Accelerate.framework/Versions/A/Frameworks/vecLib.framework/Versions/A/vecLib
0x00007ff82a18d000 	/System/Library/Frameworks/Accelerate.framework/Versions/A/Frameworks/vecLib.framework/Versions/A/libvMisc.dylib
0x00007ff8289d3000 	/System/Library/Frameworks/Accelerate.framework/Versions/A/Frameworks/vecLib.framework/Versions/A/libvDSP.dylib
0x00007ff81f009000 	/System/Library/Frameworks/Accelerate.framework/Versions/A/Frameworks/vecLib.framework/Versions/A/libBLAS.dylib
0x00007ff829cc7000 	/System/Library/Frameworks/Accelerate.framework/Versions/A/Frameworks/vecLib.framework/Versions/A/libLAPACK.dylib
0x00007ff829020000 	/System/Library/Frameworks/Accelerate.framework/Versions/A/Frameworks/vecLib.framework/Versions/A/libLinearAlgebra.dylib
0x00007ff829bd0000 	/System/Library/Frameworks/Accelerate.framework/Versions/A/Frameworks/vecLib.framework/Versions/A/libSparseBLAS.dylib
0x00007ff829cc1000 	/System/Library/Frameworks/Accelerate.framework/Versions/A/Frameworks/vecLib.framework/Versions/A/libQuadrature.dylib
0x00007ff8282bb000 	/System/Library/Frameworks/Accelerate.framework/Versions/A/Frameworks/vecLib.framework/Versions/A/libBNNS.dylib
0x00007ff81f1de000 	/System/Library/Frameworks/Accelerate.framework/Versions/A/Frameworks/vecLib.framework/Versions/A/libSparse.dylib
0x00007ff8282b4000 	/System/Library/PrivateFrameworks/LinguisticData.framework/Versions/A/LinguisticData
0x00007ff81f193000 	/System/Library/PrivateFrameworks/Lexicon.framework/Versions/A/Lexicon
0x00007ff82a186000 	/usr/lib/libChineseTokenizer.dylib
0x00007ff81f8f7000 	/System/Library/PrivateFrameworks/LanguageModeling.framework/Versions/A/LanguageModeling
0x00007ff829b94000 	/System/Library/PrivateFrameworks/AppleSauce.framework/Versions/A/AppleSauce
0x00007ff828bcd000 	/System/Library/PrivateFrameworks/CoreEmoji.framework/Versions/A/CoreEmoji
0x00007ff829a94000 	/usr/lib/libcmph.dylib
0x00007ff826248000 	/System/Library/Frameworks/OpenDirectory.framework/Versions/A/Frameworks/CFOpenDirectory.framework/Versions/A/CFOpenDirectory
0x00007ff82623c000 	/System/Library/Frameworks/OpenDirectory.framework/Versions/A/OpenDirectory
0x00007ff82a0df000 	/System/Library/PrivateFrameworks/APFS.framework/Versions/A/APFS
0x00007ff828eee000 	/System/Library/Frameworks/SecurityFoundation.framework/Versions/A/SecurityFoundation
0x00007ff82a15a000 	/usr/lib/libutil.dylib
0x00007ff820fd0000 	/System/Library/PrivateFrameworks/CoreServicesStore.framework/Versions/A/CoreServicesStore
0x00007ff82a15e000 	/usr/lib/libxslt.1.dylib
0x00007ff828f7b000 	/System/Library/PrivateFrameworks/BackgroundTaskManagement.framework/Versions/A/BackgroundTaskManagement
0x00007ff82b687000 	/System/Library/Frameworks/ImageIO.framework/Versions/A/Resources/libRadiance.dylib
0x00007ff82b690000 	/System/Library/Frameworks/ImageIO.framework/Versions/A/Resources/libJPEG.dylib
0x00007ff82b5e1000 	/System/Library/Frameworks/ImageIO.framework/Versions/A/Resources/libPng.dylib
0x00007ff82b602000 	/System/Library/Frameworks/ImageIO.framework/Versions/A/Resources/libTIFF.dylib
0x00007ff82b6ee000 	/System/Library/Frameworks/ImageIO.framework/Versions/A/Resources/libGIF.dylib
0x00007ff82af16000 	/System/Library/Frameworks/ImageIO.framework/Versions/A/Resources/libJP2.dylib
0x00007ff82a658000 	/usr/lib/libexpat.1.dylib
0x00007ff82aecb000 	/System/Library/PrivateFrameworks/AppleJPEG.framework/Versions/A/AppleJPEG
0x00007ff827712000 	/System/Library/PrivateFrameworks/FontServices.framework/libFontParser.dylib
0x00007ff824dc4000 	/System/Library/PrivateFrameworks/RunningBoardServices.framework/Versions/A/RunningBoardServices
0x00007ff835df1000 	/System/Library/PrivateFrameworks/IOSurfaceAccelerator.framework/Versions/A/IOSurfaceAccelerator
0x00007ff82aff5000 	/System/Library/PrivateFrameworks/WatchdogClient.framework/Versions/A/WatchdogClient
0x00007ff81f9e6000 	/System/Library/Frameworks/CoreDisplay.framework/Versions/A/CoreDisplay
0x00007ff827612000 	/System/Library/Frameworks/CoreMedia.framework/Versions/A/CoreMedia
0x00007ff8274af000 	/System/Library/PrivateFrameworks/IOAccelerator.framework/Versions/A/IOAccelerator
0x00007ff8263c4000 	/System/Library/Frameworks/CoreVideo.framework/Versions/A/CoreVideo
0x00007ff829be3000 	/System/Library/Frameworks/MetalPerformanceShaders.framework/Versions/A/MetalPerformanceShaders
0x00007ff82b030000 	/System/Library/Frameworks/VideoToolbox.framework/Versions/A/VideoToolbox
0x00007ff824d0c000 	/System/Library/PrivateFrameworks/BaseBoard.framework/Versions/A/BaseBoard
0x00007ff824a9d000 	/System/Library/PrivateFrameworks/ProtocolBuffer.framework/Versions/A/ProtocolBuffer
0x00007ff82b680000 	/System/Library/PrivateFrameworks/GPUWrangler.framework/Versions/A/GPUWrangler
0x00007ff82b663000 	/System/Library/PrivateFrameworks/IOPresentment.framework/Versions/A/IOPresentment
0x00007ff82b68a000 	/System/Library/PrivateFrameworks/DSExternalDisplay.framework/Versions/A/DSExternalDisplay
0x00007ffa36a33000 	/System/Library/Frameworks/OpenGL.framework/Versions/A/Libraries/libCoreFSCache.dylib
0x00007ffb229e0000 	/System/Library/PrivateFrameworks/GPUCompiler.framework/Versions/31001/Libraries/libGPUCompilerUtils.dylib
0x00007ff82b6f3000 	/System/Library/PrivateFrameworks/CMCaptureCore.framework/Versions/A/CMCaptureCore
0x00007ff82ac04000 	/System/Library/PrivateFrameworks/AppServerSupport.framework/Versions/A/AppServerSupport
0x00007ff82cdce000 	/System/Library/PrivateFrameworks/perfdata.framework/Versions/A/perfdata
0x00007ff81fb12000 	/System/Library/PrivateFrameworks/AudioToolboxCore.framework/Versions/A/AudioToolboxCore
0x00007ff8275ef000 	/System/Library/PrivateFrameworks/caulk.framework/Versions/A/caulk
0x00007ff82c6fb000 	/usr/lib/libAudioStatistics.dylib
0x00007ff92388f000 	/System/Library/PrivateFrameworks/SystemPolicy.framework/Versions/A/SystemPolicy
0x00007ff82c947000 	/usr/lib/libSMC.dylib
0x00007ff835733000 	/System/Library/Frameworks/CoreMIDI.framework/Versions/A/CoreMIDI
0x00007ff82b5b1000 	/usr/lib/libAudioToolboxUtility.dylib
0x00007ff91fd17000 	/System/Library/PrivateFrameworks/OSAServicesClient.framework/Versions/A/OSAServicesClient
0x00007ff82cddb000 	/usr/lib/libperfcheck.dylib
0x00007ff92431b000 	/usr/lib/libmis.dylib
0x00007ffa36a8f000 	/System/Library/Frameworks/OpenGL.framework/Versions/A/Libraries/libGLU.dylib
0x00007ffa36a52000 	/System/Library/Frameworks/OpenGL.framework/Versions/A/Libraries/libGFXShared.dylib
0x00007ffa36c60000 	/System/Library/Frameworks/OpenGL.framework/Versions/A/Libraries/libGL.dylib
0x00007ffa36a5b000 	/System/Library/Frameworks/OpenGL.framework/Versions/A/Libraries/libGLImage.dylib
0x00007ffa36a4f000 	/System/Library/Frameworks/OpenGL.framework/Versions/A/Libraries/libCVMSPluginSupport.dylib
0x00007ffa36a3a000 	/System/Library/Frameworks/OpenGL.framework/Versions/A/Libraries/libCoreVMClient.dylib
0x00007ff82814f000 	/System/Library/Frameworks/MetalPerformanceShaders.framework/Versions/A/Frameworks/MPSCore.framework/Versions/A/MPSCore
0x00007ff82957f000 	/System/Library/Frameworks/MetalPerformanceShaders.framework/Versions/A/Frameworks/MPSImage.framework/Versions/A/MPSImage
0x00007ff829036000 	/System/Library/Frameworks/MetalPerformanceShaders.framework/Versions/A/Frameworks/MPSNeuralNetwork.framework/Versions/A/MPSNeuralNetwork
0x00007ff8294ab000 	/System/Library/Frameworks/MetalPerformanceShaders.framework/Versions/A/Frameworks/MPSMatrix.framework/Versions/A/MPSMatrix
0x00007ff829267000 	/System/Library/Frameworks/MetalPerformanceShaders.framework/Versions/A/Frameworks/MPSRayIntersector.framework/Versions/A/MPSRayIntersector
0x00007ff8294e4000 	/System/Library/Frameworks/MetalPerformanceShaders.framework/Versions/A/Frameworks/MPSNDArray.framework/Versions/A/MPSNDArray
0x00007ffa3b638000 	/System/Library/Frameworks/MetalPerformanceShaders.framework/Versions/A/Frameworks/MPSFunctions.framework/Versions/A/MPSFunctions
0x00007ff81eeec000 	/System/Library/PrivateFrameworks/MetalTools.framework/Versions/A/MetalTools
0x00007ff8281c9000 	/System/Library/PrivateFrameworks/AggregateDictionary.framework/Versions/A/AggregateDictionary
0x00007ff82a43a000 	/usr/lib/libIOReport.dylib
0x00007ffa3806f000 	/System/Library/Frameworks/OpenCL.framework/Versions/A/OpenCL
0x00007ff82a79e000 	/System/Library/PrivateFrameworks/FaceCore.framework/Versions/A/FaceCore
0x00007ff82a78f000 	/System/Library/PrivateFrameworks/GraphVisualizer.framework/Versions/A/GraphVisualizer
0x00007ffb228eb000 	/System/Library/PrivateFrameworks/FontServices.framework/Versions/A/FontServices
0x00007ff82abbb000 	/System/Library/PrivateFrameworks/OTSVG.framework/Versions/A/OTSVG
0x00007ff825fac000 	/System/Library/Frameworks/ApplicationServices.framework/Versions/A/Frameworks/ATS.framework/Versions/A/Resources/libFontRegistry.dylib
0x00007ff82ac0c000 	/System/Library/PrivateFrameworks/FontServices.framework/libhvf.dylib
0x00007ffb228ec000 	/System/Library/PrivateFrameworks/FontServices.framework/libXTFontStaticRegistryData.dylib
0x00007ff82a608000 	/System/Library/PrivateFrameworks/AppleVA.framework/Versions/A/AppleVA
0x00007ff82c71b000 	/System/Library/Frameworks/ApplicationServices.framework/Versions/A/Frameworks/ATS.framework/Versions/A/ATS
0x00007ff8241ba000 	/System/Library/Frameworks/ApplicationServices.framework/Versions/A/Frameworks/HIServices.framework/Versions/A/HIServices
0x00007ff82b6fd000 	/System/Library/Frameworks/ApplicationServices.framework/Versions/A/Frameworks/PrintCore.framework/Versions/A/PrintCore
0x00007ff82ca9a000 	/System/Library/Frameworks/ApplicationServices.framework/Versions/A/Frameworks/QD.framework/Versions/A/QD
0x00007ff82ca92000 	/System/Library/Frameworks/ApplicationServices.framework/Versions/A/Frameworks/ColorSyncLegacy.framework/Versions/A/ColorSyncLegacy
0x00007ff82c70b000 	/System/Library/Frameworks/ApplicationServices.framework/Versions/A/Frameworks/SpeechSynthesis.framework/Versions/A/SpeechSynthesis
0x00007ff82b6be000 	/System/Library/Frameworks/ApplicationServices.framework/Versions/A/Frameworks/ATSUI.framework/Versions/A/ATSUI
0x00007ff82ca27000 	/usr/lib/libcups.2.dylib
0x00007ff82cdea000 	/System/Library/Frameworks/Kerberos.framework/Versions/A/Kerberos
0x00007ff82cdf9000 	/System/Library/Frameworks/GSS.framework/Versions/A/GSS
0x00007ff82c787000 	/usr/lib/libresolv.9.dylib
0x00007ff82ac1b000 	/System/Library/PrivateFrameworks/Heimdal.framework/Versions/A/Heimdal
0x00007ff83389d000 	/System/Library/Frameworks/Kerberos.framework/Versions/A/Libraries/libHeimdalProxy.dylib
0x00007ff824e99000 	/System/Library/Frameworks/Network.framework/Versions/A/Network
0x00007ff82a672000 	/usr/lib/libheimdal-asn1.dylib
0x00007ff82ce44000 	/System/Library/PrivateFrameworks/CommonAuth.framework/Versions/A/CommonAuth
0x00007ff82c68c000 	/System/Library/PrivateFrameworks/AudioSession.framework/Versions/A/AudioSession
0x00007ff82a702000 	/System/Library/PrivateFrameworks/MediaExperience.framework/Versions/A/MediaExperience
0x00007ff82c520000 	/System/Library/PrivateFrameworks/AudioSession.framework/libSessionUtility.dylib
0x00007ff82caa6000 	/System/Library/PrivateFrameworks/AudioResourceArbitration.framework/Versions/A/AudioResourceArbitration
0x00007ff82a67b000 	/System/Library/PrivateFrameworks/IconFoundation.framework/Versions/A/IconFoundation
0x00007ff82f880000 	/System/Library/PrivateFrameworks/SpeechRecognitionCore.framework/Versions/A/SpeechRecognitionCore
0x0000000109b68000 	/Users/umarmahmood/Library/Java/JavaVirtualMachines/openjdk-17.0.1/Contents/Home/lib/server/libjvm.dylib
0x0000000108b74000 	/Users/umarmahmood/Library/Java/JavaVirtualMachines/openjdk-17.0.1/Contents/Home/lib/libjimage.dylib
0x0000000108ba6000 	/Users/umarmahmood/Library/Java/JavaVirtualMachines/openjdk-17.0.1/Contents/Home/lib/libinstrument.dylib
0x0000000108bfc000 	/Users/umarmahmood/Library/Java/JavaVirtualMachines/openjdk-17.0.1/Contents/Home/lib/libjava.dylib
0x0000000108cf7000 	/private/var/folders/10/jtdj9jm53hs4qx09r7nqrv7m0000gn/T/libasyncProfiler.so
0x0000000109b32000 	/Users/umarmahmood/Library/Java/JavaVirtualMachines/openjdk-17.0.1/Contents/Home/lib/libzip.dylib
0x00000001296bb000 	/Users/umarmahmood/Library/Java/JavaVirtualMachines/openjdk-17.0.1/Contents/Home/lib/libnio.dylib
0x0000000129712000 	/Users/umarmahmood/Library/Java/JavaVirtualMachines/openjdk-17.0.1/Contents/Home/lib/libnet.dylib
0x00000001296f4000 	/Users/umarmahmood/Library/Java/JavaVirtualMachines/openjdk-17.0.1/Contents/Home/lib/libextnet.dylib
0x000000010acc2000 	/Users/umarmahmood/Library/Java/JavaVirtualMachines/openjdk-17.0.1/Contents/Home/lib/libverify.dylib


VM Arguments:
jvm_args: -javaagent:/Applications/IntelliJ IDEA.app/Contents/lib/idea_rt.jar=49289:/Applications/IntelliJ IDEA.app/Contents/bin -agentpath:/private/var/folders/10/jtdj9jm53hs4qx09r7nqrv7m0000gn/T/libasyncProfiler.so=start,jfr,event=cpu,interval=1ms,event=alloc,file=/Users/umarmahmood/Main_2022_01_05_132237.jfr -Dfile.encoding=UTF-8 
java_command: com.salmon.spicysalmon.Main
java_class_path (initial): /Users/umarmahmood/Desktop/Code/spicy-salmon/target/classes:/Users/umarmahmood/.m2/repository/com/googlecode/json-simple/json-simple/1.1.1/json-simple-1.1.1.jar:/Users/umarmahmood/.m2/repository/junit/junit/4.10/junit-4.10.jar:/Users/umarmahmood/.m2/repository/org/hamcrest/hamcrest-core/1.1/hamcrest-core-1.1.jar
Launcher Type: SUN_STANDARD

[Global flags]
     intx CICompilerCount                          = 4                                         {product} {ergonomic}
     uint ConcGCThreads                            = 2                                         {product} {ergonomic}
     uint G1ConcRefinementThreads                  = 8                                         {product} {ergonomic}
   size_t G1HeapRegionSize                         = 1048576                                   {product} {ergonomic}
    uintx GCDrainStackTargetSize                   = 64                                        {product} {ergonomic}
   size_t InitialHeapSize                          = 134217728                                 {product} {ergonomic}
   size_t MarkStackSize                            = 4194304                                   {product} {ergonomic}
   size_t MaxHeapSize                              = 2147483648                                {product} {ergonomic}
   size_t MaxNewSize                               = 1287651328                                {product} {ergonomic}
   size_t MinHeapDeltaBytes                        = 1048576                                   {product} {ergonomic}
   size_t MinHeapSize                              = 8388608                                   {product} {ergonomic}
    uintx NonNMethodCodeHeapSize                   = 5839372                                {pd product} {ergonomic}
    uintx NonProfiledCodeHeapSize                  = 122909434                              {pd product} {ergonomic}
    uintx ProfiledCodeHeapSize                     = 122909434                              {pd product} {ergonomic}
    uintx ReservedCodeCacheSize                    = 251658240                              {pd product} {ergonomic}
     bool SegmentedCodeCache                       = true                                      {product} {ergonomic}
   size_t SoftMaxHeapSize                          = 2147483648                             {manageable} {ergonomic}
     bool UseCompressedClassPointers               = true                           {product lp64_product} {ergonomic}
     bool UseCompressedOops                        = true                           {product lp64_product} {ergonomic}
     bool UseG1GC                                  = true                                      {product} {ergonomic}
     bool UseNUMA                                  = false                                     {product} {ergonomic}
     bool UseNUMAInterleaving                      = false                                     {product} {ergonomic}

Logging:
Log output configuration:
 #0: stdout all=warning,jni+resolve=error uptime,level,tags (reconfigured)
 #1: stderr all=off uptime,level,tags

Environment Variables:
PATH=/usr/local/bin:/usr/bin:/bin:/usr/sbin:/sbin
SHELL=/bin/zsh
LC_CTYPE=en_SE.UTF-8

Signal Handlers:
   SIGSEGV: _ZL13crash_handleriP9__siginfoPv in libjvm.dylib, mask=11100110100111111111111111111111, flags=SA_RESTART|SA_SIGINFO
    SIGBUS: _ZL13crash_handleriP9__siginfoPv in libjvm.dylib, mask=11100110100111111111111111111111, flags=SA_RESTART|SA_SIGINFO
    SIGFPE: _ZL13crash_handleriP9__siginfoPv in libjvm.dylib, mask=11100110100111111111111111111111, flags=SA_RESTART|SA_SIGINFO
   SIGPIPE: _ZL17javaSignalHandleriP9__siginfoPv in libjvm.dylib, mask=11100110100111111111111111111111, flags=SA_RESTART|SA_SIGINFO
   SIGXFSZ: _ZL17javaSignalHandleriP9__siginfoPv in libjvm.dylib, mask=11100110100111111111111111111111, flags=SA_RESTART|SA_SIGINFO
    SIGILL: _ZL13crash_handleriP9__siginfoPv in libjvm.dylib, mask=11100110100111111111111111111111, flags=SA_RESTART|SA_SIGINFO
   SIGUSR2: _ZL10SR_handleriP9__siginfoP17__darwin_ucontext in libjvm.dylib, mask=00100000000000000000000000000000, flags=SA_RESTART|SA_SIGINFO
    SIGHUP: _ZL11UserHandleriPvS_ in libjvm.dylib, mask=11100110100111111111111111111111, flags=SA_RESTART|SA_SIGINFO
    SIGINT: _ZL11UserHandleriPvS_ in libjvm.dylib, mask=11100110100111111111111111111111, flags=SA_RESTART|SA_SIGINFO
   SIGTERM: _ZL11UserHandleriPvS_ in libjvm.dylib, mask=11100110100111111111111111111111, flags=SA_RESTART|SA_SIGINFO
   SIGQUIT: _ZL11UserHandleriPvS_ in libjvm.dylib, mask=11100110100111111111111111111111, flags=SA_RESTART|SA_SIGINFO
   SIGTRAP: _ZL13crash_handleriP9__siginfoPv in libjvm.dylib, mask=11100110100111111111111111111111, flags=SA_RESTART|SA_SIGINFO


---------------  S Y S T E M  ---------------

OS:
uname: Darwin 21.1.0 Darwin Kernel Version 21.1.0: Wed Oct 13 17:33:24 PDT 2021; root:xnu-8019.41.5~1/RELEASE_ARM64_T8101 x86_64
OS uptime: 0 days 5:16 hours
rlimit (soft/hard): STACK 8176k/65520k , CORE 0k/infinity , NPROC 1333/2000 , NOFILE 10240/infinity , AS infinity/infinity , CPU infinity/infinity , DATA infinity/infinity , FSIZE infinity/infinity , MEMLOCK infinity/infinity , RSS infinity/infinity
load average: 0.72 0.99 1.13

CPU: (EMULATED) total 8 (initial active 8) (1 cores per cpu, 1 threads per core) family 6 model 44 stepping 0 microcode 0x0, cx8, cmov, fxsr, mmx, sse, sse2, sse3, ssse3, sse4.1, sse4.2, popcnt, tsc, tscinvbit, aes, clmul, clflush

Memory: 4k page, physical 8388608k(15552k free), swap 1048576k(1048064k free)

vm_info: OpenJDK 64-Bit Server VM (17.0.1+12-39) for bsd-amd64 JRE (17.0.1+12-39), built on Sep 27 2021 17:37:19 by "mach5one" with clang Apple LLVM 12.0.0 (clang-1200.0.32.29)

END.
